C:\Program Files\Microsoft Visual Studio\2022\Community\MSBuild\Microsoft\VC\v170\Microsoft.CppBuild.targets(520,5): warning MSB8004: Output Directory does not end with a trailing slash.  This build instance will add the slash as it is required to allow proper evaluation of the Output Directory.
  GreatDefense.cpp
  InGameScreen.cpp
C:\Users\Christian\Downloads\TemplateProject-30-05-2024\GreatDefense\TemplateProject\vs\Project\InGameScreen.cpp(23,73): warning C4244: 'argument': conversion from 'int' to 'float', possible loss of data
C:\Users\Christian\Downloads\TemplateProject-30-05-2024\GreatDefense\TemplateProject\vs\Project\InGameScreen.cpp(25,79): warning C4244: 'argument': conversion from 'int' to 'float', possible loss of data
C:\Users\Christian\Downloads\TemplateProject-30-05-2024\GreatDefense\TemplateProject\vs\Project\InGameScreen.cpp(27,74): warning C4244: 'argument': conversion from 'int' to 'float', possible loss of data
C:\Users\Christian\Downloads\TemplateProject-30-05-2024\GreatDefense\TemplateProject\vs\Project\InGameScreen.cpp(35,100): warning C4244: 'argument': conversion from 'int' to 'float', possible loss of data
C:\Users\Christian\Downloads\TemplateProject-30-05-2024\GreatDefense\TemplateProject\vs\Project\InGameScreen.cpp(35,60): warning C4244: 'argument': conversion from 'int' to 'float', possible loss of data
C:\Users\Christian\Downloads\TemplateProject-30-05-2024\GreatDefense\TemplateProject\vs\Project\InGameScreen.cpp(38,101): warning C4244: 'argument': conversion from 'int' to 'float', possible loss of data
C:\Users\Christian\Downloads\TemplateProject-30-05-2024\GreatDefense\TemplateProject\vs\Project\InGameScreen.cpp(38,61): warning C4244: 'argument': conversion from 'int' to 'float', possible loss of data
C:\Users\Christian\Downloads\TemplateProject-30-05-2024\GreatDefense\TemplateProject\vs\Project\InGameScreen.cpp(41,104): warning C4244: 'argument': conversion from 'int' to 'float', possible loss of data
C:\Users\Christian\Downloads\TemplateProject-30-05-2024\GreatDefense\TemplateProject\vs\Project\InGameScreen.cpp(41,64): warning C4244: 'argument': conversion from 'int' to 'float', possible loss of data
C:\Users\Christian\Downloads\TemplateProject-30-05-2024\GreatDefense\TemplateProject\vs\Project\InGameScreen.cpp(44,101): warning C4244: 'argument': conversion from 'int' to 'float', possible loss of data
C:\Users\Christian\Downloads\TemplateProject-30-05-2024\GreatDefense\TemplateProject\vs\Project\InGameScreen.cpp(44,61): warning C4244: 'argument': conversion from 'int' to 'float', possible loss of data
C:\Users\Christian\Downloads\TemplateProject-30-05-2024\GreatDefense\TemplateProject\vs\Project\InGameScreen.cpp(47,101): warning C4244: 'argument': conversion from 'int' to 'float', possible loss of data
C:\Users\Christian\Downloads\TemplateProject-30-05-2024\GreatDefense\TemplateProject\vs\Project\InGameScreen.cpp(47,61): warning C4244: 'argument': conversion from 'int' to 'float', possible loss of data
C:\Users\Christian\Downloads\TemplateProject-30-05-2024\GreatDefense\TemplateProject\vs\Project\InGameScreen.cpp(50,105): warning C4244: 'argument': conversion from 'int' to 'float', possible loss of data
C:\Users\Christian\Downloads\TemplateProject-30-05-2024\GreatDefense\TemplateProject\vs\Project\InGameScreen.cpp(50,65): warning C4244: 'argument': conversion from 'int' to 'float', possible loss of data
C:\Users\Christian\Downloads\TemplateProject-30-05-2024\GreatDefense\TemplateProject\vs\Project\InGameScreen.cpp(392,37): warning C4244: '+=': conversion from 'float' to 'int', possible loss of data
C:\Users\Christian\Downloads\TemplateProject-30-05-2024\GreatDefense\TemplateProject\vs\Project\InGameScreen.cpp(401,33): warning C4244: '+=': conversion from 'float' to 'int', possible loss of data
C:\Users\Christian\Downloads\TemplateProject-30-05-2024\GreatDefense\TemplateProject\vs\Project\InGameScreen.cpp(598,109): warning C4244: 'argument': conversion from 'int' to 'float', possible loss of data
C:\Users\Christian\Downloads\TemplateProject-30-05-2024\GreatDefense\TemplateProject\vs\Project\InGameScreen.cpp(598,65): warning C4244: 'argument': conversion from 'int' to 'float', possible loss of data
C:\Users\Christian\Downloads\TemplateProject-30-05-2024\GreatDefense\TemplateProject\vs\Project\InGameScreen.cpp(620,128): warning C4244: 'argument': conversion from 'int' to 'float', possible loss of data
SOIL.lib(SOIL.obj) : warning LNK4075: ignoring '/EDITANDCONTINUE' due to '/OPT:ICF' specification
LINK : warning LNK4098: defaultlib 'MSVCRTD' conflicts with use of other libs; use /NODEFAULTLIB:library
  Generating code
  Previous IPDB and IOBJ mismatch, fall back to full compilation.
  All 1391 functions were compiled because no usable IPDB/IOBJ from previous compilation was found.
  Finished generating code
SOIL.lib(image_DXT.obj) : warning LNK4099: PDB 'vc110.pdb' was not found with 'SOIL.lib(image_DXT.obj)' or at 'C:\Users\Christian\Downloads\TemplateProject-30-05-2024\GreatDefense\TemplateProject\vs\Project\vc110.pdb'; linking object as if no debug info
SOIL.lib(image_helper.obj) : warning LNK4099: PDB 'vc110.pdb' was not found with 'SOIL.lib(image_helper.obj)' or at 'C:\Users\Christian\Downloads\TemplateProject-30-05-2024\GreatDefense\TemplateProject\vs\Project\vc110.pdb'; linking object as if no debug info
SOIL.lib(SOIL.obj) : warning LNK4099: PDB 'vc110.pdb' was not found with 'SOIL.lib(SOIL.obj)' or at 'C:\Users\Christian\Downloads\TemplateProject-30-05-2024\GreatDefense\TemplateProject\vs\Project\vc110.pdb'; linking object as if no debug info
SOIL.lib(stb_image_aug.obj) : warning LNK4099: PDB 'vc110.pdb' was not found with 'SOIL.lib(stb_image_aug.obj)' or at 'C:\Users\Christian\Downloads\TemplateProject-30-05-2024\GreatDefense\TemplateProject\vs\Project\vc110.pdb'; linking object as if no debug info
  Project.vcxproj -> C:\Users\Christian\Downloads\TemplateProject-30-05-2024\GreatDefense\TemplateProject\vs\Project\Project.exe
